dga[.]asia
kb.dga[.]asia
video.dga[.]asia
sc.dga[.]asia
dgti.dga[.]asia
nhqdc[.]com
msdn.microsoft.nhqdc[.]com
icoreemail[.]com
demo.icoreemail[.]com
officesuport[.]com
kiwi.officesuport[.]com
cdn.officesuport[.]com
test.officesuport[.]com
mail.officesuport[.]com
ntpc.officesuport[.]com
main.officesuport[.]com
excel.officesuport[.]com
remote.officesuport[.]com
ismtrsn[.]club
lrm.ismtrsn[.]club
tgoomh.ismtrsn[.]club
news.ismtrsn[.]club
icarln.ismtrsn[.]club
liveonlin[.]com
npgsql.liveonlin[.]com
public.liveonlin[.]com
tech.liveonlin[.]com
main.liveonlin[.]com
cctv.liveonlin[.]com
alexa-api[.]com
www.alexa-api[.]com
ngndc[.]com
air.ngndc[.]com
spa.ngndc[.]com
mkn.ngndc[.]com
ekaldhfl[.]club
ts.ekaldhfl[.]club
